<?xml version="1.0" encoding="UTF-8"?>
<coverage generated="1700146350176" clover="3.2.0">
  <project timestamp="1700146350177" name="All files">
    <metrics statements="37" coveredstatements="37" conditionals="13" coveredconditionals="13" methods="8" coveredmethods="8" elements="58" coveredelements="58" complexity="0" loc="37" ncloc="37" packages="3" files="4" classes="4"/>
    <package name="events">
      <metrics statements="10" coveredstatements="10" conditionals="3" coveredconditionals="3" methods="2" coveredmethods="2"/>
      <file name="payment.js" path="C:\design-patterns\behavioral\observer\javascript\src\events\payment.js">
        <metrics statements="10" coveredstatements="10" conditionals="3" coveredconditionals="3" methods="2" coveredmethods="2"/>
        <line num="1" count="1" type="cond" truecount="1" falsecount="0"/>
        <line num="2" count="1" type="cond" truecount="1" falsecount="0"/>
        <line num="3" count="2" type="stmt"/>
        <line num="4" count="2" type="stmt"/>
        <line num="5" count="1" type="stmt"/>
        <line num="6" count="1" type="cond" truecount="1" falsecount="0"/>
        <line num="7" count="2" type="stmt"/>
        <line num="8" count="2" type="stmt"/>
        <line num="9" count="2" type="stmt"/>
        <line num="10" count="1" type="stmt"/>
      </file>
    </package>
    <package name="observers">
      <metrics statements="12" coveredstatements="12" conditionals="4" coveredconditionals="4" methods="2" coveredmethods="2"/>
      <file name="marketing.js" path="C:\design-patterns\behavioral\observer\javascript\src\observers\marketing.js">
        <metrics statements="7" coveredstatements="7" conditionals="2" coveredconditionals="2" methods="1" coveredmethods="1"/>
        <line num="1" count="1" type="cond" truecount="1" falsecount="0"/>
        <line num="2" count="1" type="cond" truecount="1" falsecount="0"/>
        <line num="3" count="1" type="stmt"/>
        <line num="4" count="1" type="stmt"/>
        <line num="5" count="1" type="stmt"/>
        <line num="6" count="1" type="stmt"/>
        <line num="7" count="1" type="stmt"/>
      </file>
      <file name="shipment.js" path="C:\design-patterns\behavioral\observer\javascript\src\observers\shipment.js">
        <metrics statements="5" coveredstatements="5" conditionals="2" coveredconditionals="2" methods="1" coveredmethods="1"/>
        <line num="1" count="1" type="cond" truecount="1" falsecount="0"/>
        <line num="2" count="1" type="cond" truecount="1" falsecount="0"/>
        <line num="3" count="1" type="stmt"/>
        <line num="4" count="1" type="stmt"/>
        <line num="5" count="1" type="stmt"/>
      </file>
    </package>
    <package name="subjects">
      <metrics statements="15" coveredstatements="15" conditionals="6" coveredconditionals="6" methods="4" coveredmethods="4"/>
      <file name="paymentSubject.js" path="C:\design-patterns\behavioral\observer\javascript\src\subjects\paymentSubject.js">
        <metrics statements="15" coveredstatements="15" conditionals="6" coveredconditionals="6" methods="4" coveredmethods="4"/>
        <line num="1" count="1" type="cond" truecount="2" falsecount="0"/>
        <line num="2" count="4" type="stmt"/>
        <line num="3" count="4" type="stmt"/>
        <line num="4" count="4" type="cond" truecount="1" falsecount="0"/>
        <line num="5" count="4" type="cond" truecount="1" falsecount="0"/>
        <line num="6" count="4" type="stmt"/>
        <line num="7" count="4" type="stmt"/>
        <line num="8" count="4" type="cond" truecount="1" falsecount="0"/>
        <line num="9" count="4" type="stmt"/>
        <line num="10" count="4" type="stmt"/>
        <line num="11" count="4" type="stmt"/>
        <line num="12" count="4" type="cond" truecount="1" falsecount="0"/>
        <line num="13" count="1" type="stmt"/>
        <line num="14" count="1" type="stmt"/>
        <line num="15" count="4" type="stmt"/>
      </file>
    </package>
  </project>
</coverage>
